<?xml version="1.0" encoding="UTF-8"?>
<!-- Generated by org.testng.reporters.JUnitReportReporter -->
<testsuite hostname="Suryas-MacBook-Pro.local" failures="0" tests="5" name="runner.TestRunner" time="61.507" errors="0" timestamp="2023-12-06T21:53:10 EST" skipped="0">
  <testcase classname="runner.TestRunner" name="runScenario" time="13.934"/>
  <testcase classname="runner.TestRunner" name="runScenario" time="12.370"/>
  <testcase classname="runner.TestRunner" name="runScenario" time="13.578"/>
  <testcase classname="runner.TestRunner" name="runScenario" time="11.231"/>
  <testcase classname="runner.TestRunner" name="runScenario" time="10.394"/>
</testsuite> <!-- runner.TestRunner -->
